This is pdfTeX, Version 3.14159265-2.6-1.40.17 (MiKTeX 2.9.6100 64-bit) (preloaded format=pdflatex 2016.12.12)  13 JAN 2017 13:30
entering extended mode
**./report.tex
(report.tex
LaTeX2e <2016/03/31> patch level 3
Babel <3.9r> and hyphenation patterns for 75 language(s) loaded.
("C:\Program Files\MiKTeX 2.9\tex\latex\base\report.cls"
Document Class: report 2014/09/29 v1.4h Standard LaTeX document class
("C:\Program Files\MiKTeX 2.9\tex\latex\base\size10.clo"
File: size10.clo 2014/09/29 v1.4h Standard LaTeX file (size option)
)
\c@part=\count79
\c@chapter=\count80
\c@section=\count81
\c@subsection=\count82
\c@subsubsection=\count83
\c@paragraph=\count84
\c@subparagraph=\count85
\c@figure=\count86
\c@table=\count87
\abovecaptionskip=\skip41
\belowcaptionskip=\skip42
\bibindent=\dimen102
)
("C:\Program Files\MiKTeX 2.9\tex\latex\amsmath\amsmath.sty"
Package: amsmath 2016/06/28 v2.15d AMS math features
\@mathmargin=\skip43

For additional information on amsmath, use the `?' option.
("C:\Program Files\MiKTeX 2.9\tex\latex\amsmath\amstext.sty"
Package: amstext 2000/06/29 v2.01 AMS text

("C:\Program Files\MiKTeX 2.9\tex\latex\amsmath\amsgen.sty"
File: amsgen.sty 1999/11/30 v2.0 generic functions
\@emptytoks=\toks14
\ex@=\dimen103
))
("C:\Program Files\MiKTeX 2.9\tex\latex\amsmath\amsbsy.sty"
Package: amsbsy 1999/11/29 v1.2d Bold Symbols
\pmbraise@=\dimen104
)
("C:\Program Files\MiKTeX 2.9\tex\latex\amsmath\amsopn.sty"
Package: amsopn 2016/03/08 v2.02 operator names
)
\inf@bad=\count88
LaTeX Info: Redefining \frac on input line 199.
\uproot@=\count89
\leftroot@=\count90
LaTeX Info: Redefining \overline on input line 297.
\classnum@=\count91
\DOTSCASE@=\count92
LaTeX Info: Redefining \ldots on input line 394.
LaTeX Info: Redefining \dots on input line 397.
LaTeX Info: Redefining \cdots on input line 518.
\Mathstrutbox@=\box26
\strutbox@=\box27
\big@size=\dimen105
LaTeX Font Info:    Redeclaring font encoding OML on input line 634.
LaTeX Font Info:    Redeclaring font encoding OMS on input line 635.
\macc@depth=\count93
\c@MaxMatrixCols=\count94
\dotsspace@=\muskip10
\c@parentequation=\count95
\dspbrk@lvl=\count96
\tag@help=\toks15
\row@=\count97
\column@=\count98
\maxfields@=\count99
\andhelp@=\toks16
\eqnshift@=\dimen106
\alignsep@=\dimen107
\tagshift@=\dimen108
\tagwidth@=\dimen109
\totwidth@=\dimen110
\lineht@=\dimen111
\@envbody=\toks17
\multlinegap=\skip44
\multlinetaggap=\skip45
\mathdisplay@stack=\toks18
LaTeX Info: Redefining \[ on input line 2739.
LaTeX Info: Redefining \] on input line 2740.
)
("C:\Program Files\MiKTeX 2.9\tex\latex\caption\caption.sty"
Package: caption 2016/02/21 v3.3-144 Customizing captions (AR)

("C:\Program Files\MiKTeX 2.9\tex\latex\caption\caption3.sty"
Package: caption3 2016/05/22 v1.7-166 caption3 kernel (AR)
Package caption3 Info: TeX engine: e-TeX on input line 67.

("C:\Program Files\MiKTeX 2.9\tex\latex\graphics\keyval.sty"
Package: keyval 2014/10/28 v1.15 key=value parser (DPC)
\KV@toks@=\toks19
)
\captionmargin=\dimen112
\captionmargin@=\dimen113
\captionwidth=\dimen114
\caption@tempdima=\dimen115
\caption@indent=\dimen116
\caption@parindent=\dimen117
\caption@hangindent=\dimen118
)
\c@ContinuedFloat=\count100
)
("C:\Program Files\MiKTeX 2.9\tex\latex\caption\subcaption.sty"
Package: subcaption 2016/05/22 v1.1-161 Sub-captions (AR)
\c@subfigure=\count101
\c@subtable=\count102
)
("C:\Program Files\MiKTeX 2.9\tex\latex\tools\verbatim.sty"
Package: verbatim 2014/10/28 v1.5q LaTeX2e package for verbatim enhancements
\every@verbatim=\toks20
\verbatim@line=\toks21
\verbatim@in@stream=\read1
)
("C:\Program Files\MiKTeX 2.9\tex\latex\amsfonts\amssymb.sty"
Package: amssymb 2013/01/14 v3.01 AMS font symbols

("C:\Program Files\MiKTeX 2.9\tex\latex\amsfonts\amsfonts.sty"
Package: amsfonts 2013/01/14 v3.01 Basic AMSFonts support
\symAMSa=\mathgroup4
\symAMSb=\mathgroup5
LaTeX Font Info:    Overwriting math alphabet `\mathfrak' in version `bold'
(Font)                  U/euf/m/n --> U/euf/b/n on input line 106.
))
("C:\Program Files\MiKTeX 2.9\tex\latex\graphics\graphicx.sty"
Package: graphicx 2014/10/28 v1.0g Enhanced LaTeX Graphics (DPC,SPQR)

("C:\Program Files\MiKTeX 2.9\tex\latex\graphics\graphics.sty"
Package: graphics 2016/07/10 v1.0t Standard LaTeX Graphics (DPC,SPQR)

("C:\Program Files\MiKTeX 2.9\tex\latex\graphics\trig.sty"
Package: trig 2016/01/03 v1.10 sin cos tan (DPC)
)
("C:\Program Files\MiKTeX 2.9\tex\latex\graphics-cfg\graphics.cfg"
File: graphics.cfg 2016/06/04 v1.11 sample graphics configuration
)
Package graphics Info: Driver file: pdftex.def on input line 99.

("C:\Program Files\MiKTeX 2.9\tex\latex\graphics-def\pdftex.def"
File: pdftex.def 2016/07/10 v0.06j Graphics/color for pdfTeX

("C:\Program Files\MiKTeX 2.9\tex\generic\oberdiek\infwarerr.sty"
Package: infwarerr 2016/05/16 v1.4 Providing info/warning/error messages (HO)
)
("C:\Program Files\MiKTeX 2.9\tex\generic\oberdiek\ltxcmds.sty"
Package: ltxcmds 2016/05/16 v1.23 LaTeX kernel commands for general use (HO)
)
\Gread@gobject=\count103
))
\Gin@req@height=\dimen119
\Gin@req@width=\dimen120
) (report.aux)
\openout1 = `report.aux'.

LaTeX Font Info:    Checking defaults for OML/cmm/m/it on input line 15.
LaTeX Font Info:    ... okay on input line 15.
LaTeX Font Info:    Checking defaults for T1/cmr/m/n on input line 15.
LaTeX Font Info:    ... okay on input line 15.
LaTeX Font Info:    Checking defaults for OT1/cmr/m/n on input line 15.
LaTeX Font Info:    ... okay on input line 15.
LaTeX Font Info:    Checking defaults for OMS/cmsy/m/n on input line 15.
LaTeX Font Info:    ... okay on input line 15.
LaTeX Font Info:    Checking defaults for OMX/cmex/m/n on input line 15.
LaTeX Font Info:    ... okay on input line 15.
LaTeX Font Info:    Checking defaults for U/cmr/m/n on input line 15.
LaTeX Font Info:    ... okay on input line 15.
Package caption Info: Begin \AtBeginDocument code.
Package caption Info: End \AtBeginDocument code.
 ("C:\Program Files\MiKTeX 2.9\tex\context\base\supp-pdf.mkii"
[Loading MPS to PDF converter (version 2006.09.02).]
\scratchcounter=\count104
\scratchdimen=\dimen121
\scratchbox=\box28
\nofMPsegments=\count105
\nofMParguments=\count106
\everyMPshowfont=\toks22
\MPscratchCnt=\count107
\MPscratchDim=\dimen122
\MPnumerator=\count108
\makeMPintoPDFobject=\count109
\everyMPtoPDFconversion=\toks23
) ("C:\Program Files\MiKTeX 2.9\tex\generic\oberdiek\pdftexcmds.sty"
Package: pdftexcmds 2016/05/21 v0.22 Utility functions of pdfTeX for LuaTeX (HO
)

("C:\Program Files\MiKTeX 2.9\tex\generic\oberdiek\ifluatex.sty"
Package: ifluatex 2016/05/16 v1.4 Provides the ifluatex switch (HO)
Package ifluatex Info: LuaTeX not detected.
)
("C:\Program Files\MiKTeX 2.9\tex\generic\oberdiek\ifpdf.sty"
Package: ifpdf 2016/05/14 v3.1 Provides the ifpdf switch
)
Package pdftexcmds Info: LuaTeX not detected.
Package pdftexcmds Info: \pdf@primitive is available.
Package pdftexcmds Info: \pdf@ifprimitive is available.
Package pdftexcmds Info: \pdfdraftmode found.
)
("C:\Program Files\MiKTeX 2.9\tex\latex\oberdiek\epstopdf-base.sty"
Package: epstopdf-base 2016/05/15 v2.6 Base part for package epstopdf

("C:\Program Files\MiKTeX 2.9\tex\latex\oberdiek\grfext.sty"
Package: grfext 2016/05/16 v1.2 Manage graphics extensions (HO)

("C:\Program Files\MiKTeX 2.9\tex\generic\oberdiek\kvdefinekeys.sty"
Package: kvdefinekeys 2016/05/16 v1.4 Define keys (HO)
))
("C:\Program Files\MiKTeX 2.9\tex\latex\oberdiek\kvoptions.sty"
Package: kvoptions 2016/05/16 v3.12 Key value format for package options (HO)

("C:\Program Files\MiKTeX 2.9\tex\generic\oberdiek\kvsetkeys.sty"
Package: kvsetkeys 2016/05/16 v1.17 Key value parser (HO)

("C:\Program Files\MiKTeX 2.9\tex\generic\oberdiek\etexcmds.sty"
Package: etexcmds 2016/05/16 v1.6 Avoid name clashes with e-TeX commands (HO)
Package etexcmds Info: Could not find \expanded.
(etexcmds)             That can mean that you are not using pdfTeX 1.50 or
(etexcmds)             that some package has redefined \expanded.
(etexcmds)             In the latter case, load this package earlier.
)))
Package epstopdf-base Info: Redefining graphics rule for `.eps' on input line 4
38.
Package grfext Info: Graphics extension search list:
(grfext)             [.png,.pdf,.jpg,.mps,.jpeg,.jbig2,.jb2,.PNG,.PDF,.JPG,.JPE
G,.JBIG2,.JB2,.eps]
(grfext)             \AppendGraphicsExtensions on input line 456.
)
LaTeX Font Info:    Try loading font information for U+msa on input line 17.

("C:\Program Files\MiKTeX 2.9\tex\latex\amsfonts\umsa.fd"
File: umsa.fd 2013/01/14 v3.01 AMS symbols A
)
LaTeX Font Info:    Try loading font information for U+msb on input line 17.

("C:\Program Files\MiKTeX 2.9\tex\latex\amsfonts\umsb.fd"
File: umsb.fd 2013/01/14 v3.01 AMS symbols B
) [1

{C:/ProgramData/MiKTeX/2.9/pdftex/config/pdftex.map}] [1] [1

] (report.toc [2

])
\tf@toc=\write3
\openout3 = `report.toc'.

 [3]
Chapter 1.
[4

]
Chapter 2.
[5

] [6] [7]
Overfull \hbox (1.44513pt too wide) in paragraph at lines 81--82
\OT1/cmr/m/n/10 Approaches us-ing evo-lu-tion-ary al-go-rithms typ-i-cally en-c
ode the com-mu-nity struc-
 []


Overfull \hbox (12.37451pt too wide) in paragraph at lines 88--88
[]\OT1/cmr/bx/n/14.4 Overlapping and Hi-er-ar-chi-cal Com-mu-nity De-
 []

[8] [9] [10]
Chapter 3.
<overall_algorithm.png, id=48, 329.23pt x 959.585pt>
File: overall_algorithm.png Graphic file (type png)

<use overall_algorithm.png>
Package pdftex.def Info: overall_algorithm.png used on input line 123.
(pdftex.def)             Requested size: 188.70293pt x 550.0pt.


LaTeX Warning: Float too large for page by 22.0pt on input line 126.

[11

] [12 <./overall_algorithm.png>] [13] [14] [15]
<ghsom_diagram.png, id=72, 550.055pt x 859.21pt>
File: ghsom_diagram.png Graphic file (type png)
 <use ghsom_diagram.png>
Package pdftex.def Info: ghsom_diagram.png used on input line 263.
(pdftex.def)             Requested size: 352.10953pt x 550.0pt.

Overfull \hbox (7.10953pt too wide) in paragraph at lines 263--264
 [][] 
 []


LaTeX Warning: Float too large for page by 22.0pt on input line 266.

<training.png, id=73, 178.6675pt x 654.445pt>
File: training.png Graphic file (type png)
 <use training.png>
Package pdftex.def Info: training.png used on input line 272.
(pdftex.def)             Requested size: 125.06639pt x 458.10838pt.

<grow_map.png, id=74, 148.555pt x 607.26875pt>
File: grow_map.png Graphic file (type png)
 <use grow_map.png>
Package pdftex.def Info: grow_map.png used on input line 278.
(pdftex.def)             Requested size: 103.98778pt x 425.08524pt.

<expand.png, id=75, 511.9125pt x 774.895pt>
File: expand.png Graphic file (type png)
 <use expand.png>
Package pdftex.def Info: expand.png used on input line 287.
(pdftex.def)             Requested size: 363.34325pt x 550.0pt.

Overfull \hbox (18.34325pt too wide) in paragraph at lines 287--288
 [][] 
 []


LaTeX Warning: Float too large for page by 22.0pt on input line 290.

[16] [17 <./ghsom_diagram.png>] [18 <./training.png> <./grow_map.png>] [19 <./e
xpand.png>]
Chapter 4.
[20

] [21]
Chapter 5.
[22

]
Chapter 6.
(report.bbl [23

] [24

] [25] [26] [27]
Underfull \hbox (badness 1990) in paragraph at lines 306--310
[]\OT1/cmr/m/n/10 Alberto Del-bimbo, Leonardo Landi, and Si-mone San-tini.  Thr
ee-
 []

Missing character: There is no â in font cmr10!
Missing character: There is no € in font cmr10!
Missing character: There is no ” in font cmr10!
[28]) [29] (report.aux) ) 
Here is how much of TeX's memory you used:
 3679 strings out of 493333
 54088 string characters out of 3139193
 111331 words of memory out of 3000000
 7158 multiletter control sequences out of 15000+200000
 13979 words of font info for 53 fonts, out of 3000000 for 9000
 1141 hyphenation exceptions out of 8191
 40i,12n,39p,1408b,448s stack positions out of 5000i,500n,10000p,200000b,50000s
<C:/Program Files/MiKTeX 2.9/fonts/type1/public/amsfon
ts/cm/cmbx10.pfb><C:/Program Files/MiKTeX 2.9/fonts/type1/public/amsfonts/cm/cm
bx12.pfb><C:/Program Files/MiKTeX 2.9/fonts/type1/public/amsfonts/cm/cmbx7.pfb>
<C:/Program Files/MiKTeX 2.9/fonts/type1/public/amsfonts/cm/cmex10.pfb><C:/Prog
ram Files/MiKTeX 2.9/fonts/type1/public/amsfonts/cm/cmmi10.pfb><C:/Program File
s/MiKTeX 2.9/fonts/type1/public/amsfonts/cm/cmmi7.pfb><C:/Program Files/MiKTeX 
2.9/fonts/type1/public/amsfonts/cm/cmr10.pfb><C:/Program Files/MiKTeX 2.9/fonts
/type1/public/amsfonts/cm/cmr12.pfb><C:/Program Files/MiKTeX 2.9/fonts/type1/pu
blic/amsfonts/cm/cmr5.pfb><C:/Program Files/MiKTeX 2.9/fonts/type1/public/amsfo
nts/cm/cmr7.pfb><C:/Program Files/MiKTeX 2.9/fonts/type1/public/amsfonts/cm/cmr
9.pfb><C:/Program Files/MiKTeX 2.9/fonts/type1/public/amsfonts/cm/cmsy10.pfb><C
:/Program Files/MiKTeX 2.9/fonts/type1/public/amsfonts/cm/cmsy5.pfb><C:/Program
 Files/MiKTeX 2.9/fonts/type1/public/amsfonts/cm/cmsy7.pfb><C:/Program Files/Mi
KTeX 2.9/fonts/type1/public/amsfonts/cm/cmti10.pfb><C:/Program Files/MiKTeX 2.9
/fonts/type1/public/amsfonts/symbols/msbm10.pfb>
Output written on report.pdf (31 pages, 367810 bytes).
PDF statistics:
 177 PDF objects out of 1000 (max. 8388607)
 0 named destinations out of 1000 (max. 500000)
 26 words of extra memory for PDF output out of 10000 (max. 10000000)

